<?xml version="1.0" encoding="UTF-8"?>
<!-- Generated by org.testng.reporters.JUnitReportReporter -->
<testsuite skipped="0" hostname="Windows7-PC" name="Demoallscenario.Demo01Openbrowser" tests="1" failures="0" timestamp="23 Sep 2018 05:22:44 GMT" time="14.732" errors="0">
  <testcase name="Openbrowser" time="14.732" classname="Demoallscenario.Demo01Openbrowser"/>
</testsuite> <!-- Demoallscenario.Demo01Openbrowser -->
