<?xml version="1.0" encoding="UTF-8"?>
<!-- Generated by org.testng.reporters.JUnitReportReporter -->
<testsuite skipped="0" hostname="Windows7-PC" name="Demoallscenario.Demo03TextboxDropDown" tests="1" failures="0" timestamp="23 Sep 2018 13:50:42 GMT" time="20.778" errors="0">
  <testcase name="TextboxDropDown" time="20.778" classname="Demoallscenario.Demo03TextboxDropDown"/>
</testsuite> <!-- Demoallscenario.Demo03TextboxDropDown -->
