<?xml version="1.0" encoding="UTF-8"?>
<!-- Generated by org.testng.reporters.JUnitReportReporter -->
<testsuite skipped="0" hostname="Windows7-PC" name="Demoallscenario.Demo04ActionClass" tests="1" failures="0" timestamp="26 Sep 2018 02:19:05 GMT" time="18.904" errors="0">
  <testcase name="Openbrowser" time="18.904" classname="Demoallscenario.Demo04ActionClass"/>
</testsuite> <!-- Demoallscenario.Demo04ActionClass -->
